C:\Program Files (x86)\Microsoft Visual Studio\2019\Community\MSBuild\Microsoft\VC\v160\Microsoft.CppBuild.targets(459,5): warning MSB8028: The intermediate directory (E:\programming\PerspectiveSolver\example_glfw_opengl3\Debug\) contains files shared from another project (example_glfw_opengl3.vcxproj).  This can lead to incorrect clean and rebuild behavior.
  main.cpp
E:\programming\PerspectiveSolver\example_glfw_opengl3\main.cpp(208,16): warning C4244: return: преобразование "double" в "float", возможна потеря данных
E:\programming\PerspectiveSolver\example_glfw_opengl3\main.cpp(220,79): warning C4244: аргумент: преобразование "_Tp" в "int", возможна потеря данных
          with
          [
              _Tp=float
          ]
E:\programming\PerspectiveSolver\example_glfw_opengl3\main.cpp(220,66): warning C4244: аргумент: преобразование "_Tp" в "int", возможна потеря данных
          with
          [
              _Tp=float
          ]
E:\programming\PerspectiveSolver\example_glfw_opengl3\main.cpp(220,53): warning C4244: аргумент: преобразование "_Tp" в "int", возможна потеря данных
          with
          [
              _Tp=float
          ]
E:\programming\PerspectiveSolver\example_glfw_opengl3\main.cpp(220,40): warning C4244: аргумент: преобразование "_Tp" в "int", возможна потеря данных
          with
          [
              _Tp=float
          ]
E:\programming\PerspectiveSolver\example_glfw_opengl3\main.cpp(220,16): warning C4244: инициализация: преобразование "float" в "int", возможна потеря данных
E:\programming\PerspectiveSolver\example_glfw_opengl3\main.cpp(223,84): warning C4244: аргумент: преобразование "_Tp" в "int", возможна потеря данных
          with
          [
              _Tp=float
          ]
E:\programming\PerspectiveSolver\example_glfw_opengl3\main.cpp(223,67): warning C4244: аргумент: преобразование "_Tp" в "int", возможна потеря данных
          with
          [
              _Tp=float
          ]
E:\programming\PerspectiveSolver\example_glfw_opengl3\main.cpp(223,50): warning C4244: аргумент: преобразование "_Tp" в "int", возможна потеря данных
          with
          [
              _Tp=float
          ]
E:\programming\PerspectiveSolver\example_glfw_opengl3\main.cpp(223,37): warning C4244: аргумент: преобразование "_Tp" в "int", возможна потеря данных
          with
          [
              _Tp=float
          ]
E:\programming\PerspectiveSolver\example_glfw_opengl3\main.cpp(223,27): warning C4244: =: преобразование "float" в "int", возможна потеря данных
E:\programming\PerspectiveSolver\example_glfw_opengl3\main.cpp(226,12): warning C4244: return: преобразование "int" в "float", возможна потеря данных
E:\programming\PerspectiveSolver\example_glfw_opengl3\main.cpp(399,35): warning C4456: объявление "where" скрывает предыдущее локальное объявление
E:\programming\PerspectiveSolver\example_glfw_opengl3\main.cpp(345,11): message : см. объявление "where"
E:\programming\PerspectiveSolver\example_glfw_opengl3\main.cpp(427,59): warning C4244: аргумент: преобразование "int" в "float", возможна потеря данных
E:\programming\PerspectiveSolver\example_glfw_opengl3\main.cpp(428,112): warning C4244: аргумент: преобразование "float" в "int", возможна потеря данных
E:\programming\PerspectiveSolver\example_glfw_opengl3\main.cpp(434,84): warning C4244: аргумент: преобразование "int" в "float", возможна потеря данных
E:\programming\PerspectiveSolver\example_glfw_opengl3\main.cpp(434,68): warning C4244: аргумент: преобразование "int" в "float", возможна потеря данных
E:\programming\PerspectiveSolver\example_glfw_opengl3\main.cpp(451,51): warning C4244: аргумент: преобразование "float" в "_Tp", возможна потеря данных
          with
          [
              _Tp=int
          ]
E:\programming\PerspectiveSolver\example_glfw_opengl3\main.cpp(451,44): warning C4244: аргумент: преобразование "float" в "_Tp", возможна потеря данных
          with
          [
              _Tp=int
          ]
E:\programming\PerspectiveSolver\example_glfw_opengl3\main.cpp(479,44): warning C4244: =: преобразование "float" в "int", возможна потеря данных
E:\programming\PerspectiveSolver\example_glfw_opengl3\main.cpp(480,43): warning C4244: =: преобразование "float" в "int", возможна потеря данных
E:\programming\PerspectiveSolver\example_glfw_opengl3\main.cpp(499,86): warning C4244: аргумент: преобразование "int" в "float", возможна потеря данных
E:\programming\PerspectiveSolver\example_glfw_opengl3\main.cpp(499,69): warning C4244: аргумент: преобразование "int" в "float", возможна потеря данных
E:\programming\PerspectiveSolver\example_glfw_opengl3\main.cpp(530,31): warning C4456: объявление "where" скрывает предыдущее локальное объявление
E:\programming\PerspectiveSolver\example_glfw_opengl3\main.cpp(345,11): message : см. объявление "where"
E:\programming\PerspectiveSolver\example_glfw_opengl3\main.cpp(400,1): warning C4996: 'strcpy': This function or variable may be unsafe. Consider using strcpy_s instead. To disable deprecation, use _CRT_SECURE_NO_WARNINGS. See online help for details.
C:\Program Files (x86)\Windows Kits\10\Include\10.0.18362.0\ucrt\string.h(133): message : см. объявление "strcpy"
E:\programming\PerspectiveSolver\example_glfw_opengl3\main.cpp(531,1): warning C4996: 'strcpy': This function or variable may be unsafe. Consider using strcpy_s instead. To disable deprecation, use _CRT_SECURE_NO_WARNINGS. See online help for details.
C:\Program Files (x86)\Windows Kits\10\Include\10.0.18362.0\ucrt\string.h(133): message : см. объявление "strcpy"
  example_glfw_opengl3.vcxproj -> E:\programming\PerspectiveSolver\example_glfw_opengl3\Debug\solver.exe
