e:\programming\perspectivesolver\example_glfw_opengl3\debug\vc142.pdb
e:\programming\perspectivesolver\example_glfw_opengl3\debug\vc142.idb
e:\programming\perspectivesolver\example_glfw_opengl3\debug\main.obj
e:\programming\perspectivesolver\example_glfw_opengl3\debug\imgui_widgets.obj
e:\programming\perspectivesolver\example_glfw_opengl3\debug\imgui_impl_opengl3.obj
e:\programming\perspectivesolver\example_glfw_opengl3\debug\imgui_impl_glfw.obj
e:\programming\perspectivesolver\example_glfw_opengl3\debug\imgui_draw.obj
e:\programming\perspectivesolver\example_glfw_opengl3\debug\imgui_demo.obj
e:\programming\perspectivesolver\example_glfw_opengl3\debug\imgui.obj
e:\programming\perspectivesolver\example_glfw_opengl3\debug\gl3w.obj
e:\programming\perspectivesolver\example_glfw_opengl3\debug\solver.exe
e:\programming\perspectivesolver\example_glfw_opengl3\debug\solver.ilk
e:\programming\perspectivesolver\example_glfw_opengl3\debug\solver.pdb
e:\programming\perspectivesolver\example_glfw_opengl3\debug\example_glfw_opengl3.ilk
e:\programming\perspectivesolver\example_glfw_opengl3\debug\example_glfw_opengl3.pdb
e:\programming\perspectivesolver\example_glfw_opengl3\debug\solver.tlog\cl.command.1.tlog
e:\programming\perspectivesolver\example_glfw_opengl3\debug\solver.tlog\cl.read.1.tlog
e:\programming\perspectivesolver\example_glfw_opengl3\debug\solver.tlog\cl.write.1.tlog
e:\programming\perspectivesolver\example_glfw_opengl3\debug\solver.tlog\link.command.1.tlog
e:\programming\perspectivesolver\example_glfw_opengl3\debug\solver.tlog\link.read.1.tlog
e:\programming\perspectivesolver\example_glfw_opengl3\debug\solver.tlog\link.write.1.tlog
