  Checking Build System
  CMake is re-running because E:/programming/PerspectiveSolver/build/example_glfw_opengl3/CMakeFiles/generate.stamp is out-of-date.
    the file 'E:/programming/PerspectiveSolver/example_glfw_opengl3/CMakeLists.txt'
    is newer than 'E:/programming/PerspectiveSolver/build/example_glfw_opengl3/CMakeFiles/generate.stamp.depend'
    result='-1'
  -- Selecting Windows SDK version 10.0.18362.0 to target Windows 10.0.
  x64 architecture in use
  -- OpenCV ARCH: x64
  -- OpenCV RUNTIME: vc15
  -- OpenCV STATIC: OFF
  -- Found OpenCV 4.2.0 in E:/opencv/opencv/build/x64/vc15/lib
  -- You might need to add E:\opencv\opencv\build\x64\vc15\bin to your PATH to be able to run your applications.
  CMake Error at example_glfw_opengl3/CMakeLists.txt:210 (target_link_libraries):
    The keyword signature for target_link_libraries has already been used with
    the target "solver".  All uses of target_link_libraries with a target must
    be either all-keyword or all-plain.
  
    The uses of the keyword signature are here:
  
     * example_glfw_opengl3/CMakeLists.txt:193 (target_link_libraries)
  
  
  
  -- Configuring incomplete, errors occurred!
  See also "E:/programming/PerspectiveSolver/build/CMakeFiles/CMakeOutput.log".
  CMake Configure step failed.  Build files cannot be regenerated correctly.  Attempting to stop IDE build.
C:\Program Files (x86)\Microsoft Visual Studio\2019\Community\MSBuild\Microsoft\VC\v160\Microsoft.CppCommon.targets(231,5): error MSB6006: "cmd.exe" завершилась с кодом 1.
